C51 COMPILER V9.60.7.0   MAIN                                                              12/12/2023 17:27:41 PAGE 1   


C51 COMPILER V9.60.7.0, COMPILATION OF MODULE MAIN
OBJECT MODULE PLACED IN .\Objects\main.obj
COMPILER INVOKED BY: C:\Keil_v5\C51\BIN\C51.EXE main.c OPTIMIZE(8,SPEED) BROWSE DEBUG OBJECTEXTEND PRINT(.\Listings\main
                    -.lst) TABS(2) OBJECT(.\Objects\main.obj)

line level    source

   1          /*
   2            Viet chuong tirnh truyen ky tu qua khung truyen, toc do Baud: 9600
   3            Chan ket noi:     RX - TX
   4                              TX - RX
   5                              GND - GND 
   6            Nhap ki tu thuong chuyen sang kieu In hoa, ung dung phan mem hercules
   7          */
   8          
   9          #include <REGX51.H>
  10          #include <string.h>
  11          #include <stdio.h>
  12          
  13          char KT;
  14          void Uart_Init()
  15          {
  16   1        // Khoi tao UART o mode 1, 9600 baud
  17   1        SM0 = 0; SM1 = 1;   // Chon UART mode 1
  18   1        TMOD = 0x20;            // 0010 xxxx - Timer1 hoat dong o che do 8bit tu dong nap lai
  19   1        TH1 = 0xFD;       // Toc do baud 9600
  20   1        TR1 = 1;        // Timer1 bat dau chay
  21   1        TI = 1;         // San sang gui du lieu
  22   1        REN = 1;        // Cho phep nhan du lieu
  23   1      }
  24          
  25          // ham gui ky tu qua UART
  26          void Uart_Write_Char(char c)
  27          {
  28   1        while(TI == 0);
  29   1        TI = 0;
  30   1        SBUF = c;
  31   1      }
  32          
  33          // ham gui 1 chuoi ky tu
  34          void Uart_Write_String(char * str)
  35          {
  36   1        unsigned char i = 0;
  37   1        while(str[i]!=0)
  38   1        {
  39   2          Uart_Write_Char(str[i]);
  40   2          i++;
  41   2        }
  42   1      }
  43          // ham kiem tra du lieu co nhan duoc hay khong
  44          char Uart_Data_Ready()
  45          {
  46   1        return RI;
  47   1      }
  48          
  49          // ham doc 1 ky tu TU UART
  50          char Uart_Read()
  51          {
  52   1        RI = 0;
  53   1        return SBUF;
  54   1      }
C51 COMPILER V9.60.7.0   MAIN                                                              12/12/2023 17:27:41 PAGE 2   

  55          
  56          // HAM dELAY
  57          void Delay(long time){
  58   1        time = time * 25;
  59   1        while(time--);
  60   1      }
  61          
  62          int main(){
  63   1        Uart_Init();
  64   1        while(1){
  65   2          Uart_Write_String("Nhap ki tu thuong: ");
  66   2          while(Uart_Data_Ready()==0);
  67   2          KT = Uart_Read();
  68   2          KT -=  32;                                // chuyen ki tu thuong sang kieu in hoa(ma ASCII)
  69   2          Uart_Write_String("=>");
  70   2          Uart_Write_Char(KT);
  71   2          Uart_Write_String("\r\n");
  72   2        }
  73   1      }
  74          


MODULE INFORMATION:   STATIC OVERLAYABLE
   CODE SIZE        =    161    ----
   CONSTANT SIZE    =     26    ----
   XDATA SIZE       =   ----    ----
   PDATA SIZE       =   ----    ----
   DATA SIZE        =      1       7
   IDATA SIZE       =   ----    ----
   BIT SIZE         =   ----    ----
END OF MODULE INFORMATION.


C51 COMPILATION COMPLETE.  0 WARNING(S),  0 ERROR(S)
