C51 COMPILER V9.60.7.0   MAIN                                                              12/10/2023 22:04:33 PAGE 1   


C51 COMPILER V9.60.7.0, COMPILATION OF MODULE MAIN
OBJECT MODULE PLACED IN .\Objects\main.obj
COMPILER INVOKED BY: C:\Keil_v5\C51\BIN\C51.EXE main.c OPTIMIZE(8,SPEED) BROWSE DEBUG OBJECTEXTEND PRINT(.\Listings\main
                    -.lst) TABS(2) OBJECT(.\Objects\main.obj)

line level    source

   1          /*
   2            Chuong trinh dieu khien hien thi tren LED 7 thanh
   3            Va hien thi so nguyen, so thuc
   4          
   5          */
   6          #include <main.h>
*** WARNING C318 IN LINE 6 OF main.c: can't open file 'main.h'
   7          #include <REGX51.H>
   8          #include <string.h>
   9          // Dinh nghia chan  hien thi LCD
  10          #define D0 P2_0       // chan D0
  11          #define D1 P2_1       // chan D1
  12          #define D2 P2_2
  13          #define D3 P2_3
  14          #define D4 P2_4
  15          #define D5 P2_5
  16          #define D6 P2_6
  17          #define D7 P2_7       // chan D7
  18          
  19          #define RS P3_0     // chan RS
  20          #define RW P3_1     // Chan RW
  21          #define EN     P3_2     // Chan E
  22          
  23          void Lcd_Cauhinh(void);   // Khoi tao LCD
  24          void Lcd_Ghi_Lenh(char lenh);   // Ghi lenh
  25          void Lcd_Ghi_Dulieu(char dulieu); // Ham Ghi du lieu
  26          void Delay(int t);
  27          
  28          // ham xuat du lieu
  29          void Lcd_Dulieu(unsigned char dulieu){
  30   1        D0 = dulieu & 0x01;
  31   1        D1 = (dulieu >> 1) & 0x01;
  32   1        D2 = (dulieu >> 2) & 0x01;
  33   1        D3 = (dulieu >> 3) & 0x01;
  34   1        D4 = (dulieu >> 4) & 0x01;
  35   1        D5 = (dulieu >> 5) & 0x01;
  36   1        D6 = (dulieu >> 6) & 0x01;
  37   1        D7 = (dulieu >> 7) & 0x01;
  38   1      }
  39          
  40          void Lcd_Cauhinh(void){
  41   1        Lcd_Ghi_Lenh(0x03);
  42   1        Lcd_Ghi_Lenh(0x38);         // Giao tiep voi XL 8 chan(D0 - D7)
  43   1        // Lcd_Ghi_Lenh(0x28);      // Giao tiep voi VXL 4 chan(D4 - D7)
  44   1        Lcd_Ghi_Lenh(0x06);         // Tu dong dua con tro den tri tri tiep theo (trai -> phai)
  45   1        Lcd_Ghi_Lenh(0x0c);         // Bat hien thi con tro
  46   1        Lcd_Ghi_Lenh(0x01);         // Xoa man hinh
  47   1      }
  48          
  49          void Lcd_Ghi_Lenh(char lenh){
  50   1        RS = 0;                     // muc thap, chon che do ghi lenh
  51   1        RW = 0;                     // muc thap, chon che do thanh ghi  
  52   1        EN = 1;                     // muc cao, chuan bi tao su chuyen muc logic tu "1" -> "0" tao tin hieu cho phep ghi
  53   1        Lcd_Dulieu(lenh);
C51 COMPILER V9.60.7.0   MAIN                                                              12/10/2023 22:04:33 PAGE 2   

  54   1        Delay(10);
  55   1        EN = 0;                     // muc thap, hoan tat su tao chuyen muc logic "1" sang "0"
  56   1        Delay(10);
  57   1      }
  58          
  59          
  60          void Lcd_Ghi_Dulieu(char dulieu){
  61   1        RS = 1;               
  62   1        RW = 0;
  63   1        EN = 1;
  64   1        Lcd_Dulieu(dulieu);
  65   1        Delay(10);
  66   1        EN = 0;
  67   1        Delay(10);
  68   1      }
  69          
  70          void LCD_Ghi_Chuoi(char *str){
  71   1        while(*str){
  72   2          Lcd_Ghi_Dulieu(*str);
  73   2          str++;
  74   2        }
  75   1      }
  76          int main(){
  77   1        Lcd_Cauhinh();
  78   1        while(1){
  79   2          Lcd_Ghi_Lenh(0X80);         //dau dong 1 
  80   2          LCD_Ghi_Chuoi("Xin chao"); 
  81   2          Lcd_Ghi_Lenh(0XC0);         //dau dong 2 
  82   2          LCD_Ghi_Chuoi("Lewlew"); 
  83   2        }
  84   1        return 0;
  85   1      }
  86          
  87          void Delay(int t){
  88   1        int x, y;
  89   1        for(x = 0; x < t; x++){
  90   2          for(y = 0; y < 123; y++);
  91   2        }
  92   1      }
*** WARNING C294 IN LINE 84 OF main.c: unreachable code


MODULE INFORMATION:   STATIC OVERLAYABLE
   CODE SIZE        =    232    ----
   CONSTANT SIZE    =     16    ----
   XDATA SIZE       =   ----    ----
   PDATA SIZE       =   ----    ----
   DATA SIZE        =   ----       3
   IDATA SIZE       =   ----    ----
   BIT SIZE         =   ----    ----
END OF MODULE INFORMATION.


C51 COMPILATION COMPLETE.  2 WARNING(S),  0 ERROR(S)
