C51 COMPILER V9.60.7.0   MAIN                                                              12/12/2023 00:39:51 PAGE 1   


C51 COMPILER V9.60.7.0, COMPILATION OF MODULE MAIN
OBJECT MODULE PLACED IN .\Objects\main.obj
COMPILER INVOKED BY: C:\Keil_v5\C51\BIN\C51.EXE main.c OPTIMIZE(8,SPEED) BROWSE DEBUG OBJECTEXTEND PRINT(.\Listings\main
                    -.lst) TABS(2) OBJECT(.\Objects\main.obj)

line level    source

   1          /*
   2            Chuong trinh dieu khien dong 1 chieu
   3            Voi bai toan nay muon dieu khien dong co, su dung them driver: cau H, TB6612,..
   4            Trong bai toan nay ta su dung mach cau H
   5            
   6            Muon su dung driver TB6612, khi dong co quay thi phai keo chan STBY len muc 1
   7          */
   8          #include "REGX51.H"
   9          
  10          // Dinh nghia cac chan
  11          #define PWM_PIN P2_1      // Cau hinh chan PWM chan P2_1
  12          #define AIN1    P2_2
  13          #define AIN2    P2_3
  14          #define STBY    P2_4
  15          
  16          // Khai bao bien 
  17          int i, T, Ton, Toff;
  18          int Ton_h, Ton_l, Toff_h, Toff_l;
  19          
  20          // Ham khoi tao che do PWM
  21          void PWM_Init(int ck)
  22          {
  23   1        PWM_PIN = 1;        // keo chan PWM len muc cao(muc 1)
  24   1        TMOD &= 0XF0;       // Thanh ghi TMOD (che do dem/ngat bo dinh thoi) bang cach xoa 4 bit thap(and 0xF)
  25   1        TMOD |= 0X01;       // Thiet lap che do 1 cua bo dinh thoi, hay che do 16-bit voi thanh ghi TH0 va TL0
  26   1        
  27   1        ET0 = 1;            // CHo phep ngat toan cuc
  28   1        EA = 1;             // CHo phep ngat bo dinh thoi timer0.
  29   1        
  30   1        T = ck-24;          // Tinh gia tri chu ky dem
  31   1        Ton = ck / 2;       
  32   1        Toff = T - Ton;     // Tinh gia tri chu ky xung
  33   1        
  34   1        Ton_h = (65536 - Ton) >> 8;         // Tinh thoi gian nap lai thanh ghi dem cho thoi gian Ton
  35   1        Ton_l = (65536 - Ton) & 0X00FF;
  36   1        
  37   1        Toff_h = (65536 - Toff) >> 8;       // Tinh thoi gian nap lai thanh ghi cho thoi gian Toff 
  38   1        Toff_l = (65536 - Toff) & 0X00FF;
  39   1        
  40   1        // Nap lai gia tri thanh ghi dem voi gia tri thoi gian on
  41   1        TH0 = Ton_h;
  42   1        TL0 = Ton_l;
  43   1      }
  44          
  45          // bat dau qua trinh tao xung
  46          void PWM_Start()
  47          {
  48   1        TR0 = 1;
  49   1      }
  50          
  51          // dung qua trinh tao xung
  52          void PWM_Stop()
  53          {
  54   1        TR0 = 0;
C51 COMPILER V9.60.7.0   MAIN                                                              12/12/2023 00:39:51 PAGE 2   

  55   1      }
  56          
  57          // Ham thiet lap do dutycycle(do rong xung)
  58          void PWM_Set_Duty(int duty)
  59          {
  60   1        // Voi truopng hop khong co xung PWM
  61   1        if(duty==0)
  62   1        {
  63   2          /* 
  64   2            Keo chan PWM xuong muc thap
  65   2            Tat bo dinh thoi (ET0 = 0), chan ngat sinh ra
  66   2          */
  67   2          PWM_PIN = 0;
  68   2          ET0 = 0;
  69   2        }
  70   1          // ThL xung luon o muc cao(= 1)
  71   1        else if(duty==100)
  72   1        {
  73   2          /*
  74   2            Keo chan PWM len muc cao, baty xung PWM
  75   2          */
  76   2          PWM_PIN = 1;
  77   2          ET0 = 0;
  78   2        }
  79   1        // Th con lai 
  80   1        else
  81   1        {
  82   2          /*
  83   2            Tinh toan gia tri Ton va Toff dua vao chu ky dem T va dutycycle
  84   2          */
  85   2          Ton = ((unsigned long)T) * duty / 100;
  86   2          Toff = T - Ton;
  87   2          
  88   2          /*
  89   2            Tinh toawn lai gia tri nap vao thanh ghi
  90   2          */
  91   2          Ton_h = (65536 - Ton) >> 8;
  92   2          Ton_l = (65536 - Ton) & 0X00FF;
  93   2          
  94   2          Toff_h = (65536 - Toff) >> 8;
  95   2          Toff_l = (65536 - Toff) & 0X00FF;
  96   2        }
  97   1      }
  98          
  99          // ham ngat, duoc kich hoat khi co su kien tran
 100          void Timer0overflow() interrupt 1
 101          {
 102   1        PWM_PIN = !PWM_PIN;       // dao lai trang thuc PWM (1 -> 0) (0 -> 1)
 103   1        /* 
 104   1          Neu chan PWM dang o muc thap( xung PWM tat)
 105   1          Gan lai gia tri thanh ghi nap ddem lai chu ky tiep theo
 106   1        */
 107   1        if(PWM_PIN==0)
 108   1        {
 109   2          TH0 = Toff_h;
 110   2          TL0 = Toff_l;
 111   2        }
 112   1        else
 113   1        {
 114   2          TH0 = Ton_h;
 115   2          TL0 = Ton_l;
 116   2        }
C51 COMPILER V9.60.7.0   MAIN                                                              12/12/2023 00:39:51 PAGE 3   

 117   1      }
 118          
 119          int main(){
 120   1        // CT tinh ((1/f) * 1.000.000)    Doi sang us
 121   1        PWM_Init(100);          
 122   1        PWM_Set_Duty(50);         
 123   1        PWM_Start();
 124   1        while(1){
 125   2          // Ngay nguoc
 126   2      //    AIN1 = 0;
 127   2      //    AIN2 = 1;
 128   2      
 129   2            // Quay thuan
 130   2            AIN1 = 1;
 131   2            AIN2 = 0;
 132   2        }
 133   1      }


MODULE INFORMATION:   STATIC OVERLAYABLE
   CODE SIZE        =    381    ----
   CONSTANT SIZE    =   ----    ----
   XDATA SIZE       =   ----    ----
   PDATA SIZE       =   ----    ----
   DATA SIZE        =     16    ----
   IDATA SIZE       =   ----    ----
   BIT SIZE         =   ----    ----
END OF MODULE INFORMATION.


C51 COMPILATION COMPLETE.  0 WARNING(S),  0 ERROR(S)
