C51 COMPILER V9.60.7.0   MAIN                                                              12/06/2023 17:06:54 PAGE 1   


C51 COMPILER V9.60.7.0, COMPILATION OF MODULE MAIN
OBJECT MODULE PLACED IN .\Objects\main.obj
COMPILER INVOKED BY: C:\Keil_v5\C51\BIN\C51.EXE main.c OPTIMIZE(8,SPEED) BROWSE DEBUG OBJECTEXTEND PRINT(.\Listings\main
                    -.lst) TABS(2) OBJECT(.\Objects\main.obj)

line level    source

   1          /*
   2            Chuong trinh nhap nhay LED
   3            Cau hinh chan P2_0
   4          */
   5          #include "REGX51.H"
   6          // Ham tao tre
   7          void Delay_ms(int t){
   8   1        int x, y;
   9   1        for(x = 0; x < t; x++){
  10   2          for(y = 0; y < 123; y++);   // Tao tre 1 ms
  11   2        }
  12   1      }
  13          
  14          // Ham chinh chuong trinh
  15          int main(){
  16   1        
  17   1        while(1){
  18   2          P2_0 = 0;         // Tat Led
  19   2          Delay_ms(500);
  20   2          P2_0 = 1;         // Bat led
  21   2          Delay_ms(500);
  22   2        }
  23   1        return 0;
  24   1      }
*** WARNING C294 IN LINE 23 OF main.c: unreachable code


MODULE INFORMATION:   STATIC OVERLAYABLE
   CODE SIZE        =     54    ----
   CONSTANT SIZE    =   ----    ----
   XDATA SIZE       =   ----    ----
   PDATA SIZE       =   ----    ----
   DATA SIZE        =   ----    ----
   IDATA SIZE       =   ----    ----
   BIT SIZE         =   ----    ----
END OF MODULE INFORMATION.


C51 COMPILATION COMPLETE.  1 WARNING(S),  0 ERROR(S)
