C51 COMPILER V9.60.7.0   MAIN                                                              12/11/2023 23:50:06 PAGE 1   


C51 COMPILER V9.60.7.0, COMPILATION OF MODULE MAIN
OBJECT MODULE PLACED IN .\Objects\main.obj
COMPILER INVOKED BY: C:\Keil_v5\C51\BIN\C51.EXE main.c OPTIMIZE(8,SPEED) BROWSE DEBUG OBJECTEXTEND PRINT(.\Listings\main
                    -.lst) TABS(2) OBJECT(.\Objects\main.obj)

line level    source

   1          /*
   2            Chuong trinh tao xung PWM
   3            PWM: la thay doi do rong xung nhung giu nguyen tan so
   4            O bai toan nay, ta su dung f = 50Hz
   5          */
   6          #include "REGX51.H"
   7          
   8          // Dinh nghia cac chan
   9          #define PWM_PIN P2_1      // Cau hinh chan PWM chan P2_1
  10          
  11          // Khai bao bien 
  12          int i, T, Ton, Toff;
  13          int Ton_h_reload, Ton_l_reload, Toff_h_reload, Toff_l_reload;
  14          
  15          // Ham khoi tao che do PWM
  16          void PWM_Init(int ck)
  17          {
  18   1        PWM_PIN = 1;        // keo chan PWM len muc cao(muc 1)
  19   1        TMOD &= 0XF0;       // Thanh ghi TMOD (che do dem/ngat bo dinh thoi) bang cach xoa 4 bit thap(and 0xF)
  20   1        TMOD |= 0X01;       // Thiet lap che do 1 cua bo dinh thoi, hay che do 16-bit voi thanh ghi TH0 va TL0
  21   1        
  22   1        ET0 = 1;            // CHo phep ngat toan cuc
  23   1        EA = 1;             // CHo phep ngat bo dinh thoi timer0.
  24   1        
  25   1        T = ck-24;          // Tinh gia tri chu ky dem
  26   1        Ton = ck / 2;       
  27   1        Toff = T - Ton;     // Tinh gia tri chu ky xung
  28   1        
  29   1        Ton_h_reload = (65536 - Ton) >> 8;          // Tinh thoi gian nap lai thanh ghi dem cho thoi gian Ton
  30   1        Ton_l_reload = (65536 - Ton) & 0X00FF;
  31   1        
  32   1        Toff_h_reload = (65536 - Toff) >> 8;        // Tinh thoi gian nap lai thanh ghi cho thoi gian Toff 
  33   1        Toff_l_reload = (65536 - Toff) & 0X00FF;
  34   1        
  35   1        // Nap lai gia tri thanh ghi dem voi gia tri thoi gian on
  36   1        TH0 = Ton_h_reload;
  37   1        TL0 = Ton_l_reload;
  38   1      }
  39          
  40          // bat dau qua trinh tao xung
  41          void PWM_Start()
  42          {
  43   1        TR0 = 1;
  44   1      }
  45          
  46          // dung qua trinh tao xung
  47          void PWM_Stop()
  48          {
  49   1        TR0 = 0;
  50   1      }
  51          
  52          // Ham thiet lap do dutycycle(do rong xung)
  53          void PWM_Set_Duty(int duty)
  54          {
C51 COMPILER V9.60.7.0   MAIN                                                              12/11/2023 23:50:06 PAGE 2   

  55   1        // Voi truopng hop khong co xung PWM
  56   1        if(duty==0)
  57   1        {
  58   2          /* 
  59   2            Keo chan PWM xuong muc thap
  60   2            Tat bo dinh thoi (ET0 = 0), chan ngat sinh ra
  61   2          */
  62   2          PWM_PIN = 0;
  63   2          ET0 = 0;
  64   2        }
  65   1          // ThL xung luon o muc cao(= 1)
  66   1        else if(duty==100)
  67   1        {
  68   2          /*
  69   2            Keo chan PWM len muc cao, baty xung PWM
  70   2          */
  71   2          PWM_PIN = 1;
  72   2          ET0 = 0;
  73   2        }
  74   1        // Th con lai 
  75   1        else
  76   1        {
  77   2          /*
  78   2            Tinh toan gia tri Ton va Toff dua vao chu ky dem T va dutycycle
  79   2          */
  80   2          Ton = ((unsigned long)T) * duty / 100;
  81   2          Toff = T - Ton;
  82   2          
  83   2          /*
  84   2            Tinh toawn lai gia tri nap vao thanh ghi
  85   2          */
  86   2          Ton_h_reload = (65536 - Ton) >> 8;
  87   2          Ton_l_reload = (65536 - Ton) & 0X00FF;
  88   2          
  89   2          Toff_h_reload = (65536 - Toff) >> 8;
  90   2          Toff_l_reload = (65536 - Toff) & 0X00FF;
  91   2        }
  92   1      }
  93          
  94          // ham ngat, duoc kich hoat khi co su kien tran
  95          void Timer0overflow() interrupt 1
  96          {
  97   1        PWM_PIN = !PWM_PIN;       // dao lai trang thuc PWM (1 -> 0) (0 -> 1)
  98   1        /* 
  99   1          Neu chan PWM dang o muc thap( xung PWM tat)
 100   1          Gan lai gia tri thanh ghi nap ddem lai chu ky tiep theo
 101   1        */
 102   1        if(PWM_PIN==0)
 103   1        {
 104   2          TH0 = Toff_h_reload;
 105   2          TL0 = Toff_l_reload;
 106   2        }
 107   1        else
 108   1        {
 109   2          TH0 = Ton_h_reload;
 110   2          TL0 = Ton_l_reload;
 111   2        }
 112   1      }
 113          
 114          int main(){
 115   1        // CT tinh ((1/f) * 1.000.000)    Doi sang us
 116   1        while(1){
C51 COMPILER V9.60.7.0   MAIN                                                              12/11/2023 23:50:06 PAGE 3   

 117   2          PWM_Init(100);          // khoi tao che do PWM voi tan so 50Hz
 118   2          PWM_Set_Duty(80);         // Ton = Toff = 50%
 119   2          PWM_Start();              // bat dau tao xung
 120   2        }
 121   1      }


MODULE INFORMATION:   STATIC OVERLAYABLE
   CODE SIZE        =    377    ----
   CONSTANT SIZE    =   ----    ----
   XDATA SIZE       =   ----    ----
   PDATA SIZE       =   ----    ----
   DATA SIZE        =     16    ----
   IDATA SIZE       =   ----    ----
   BIT SIZE         =   ----    ----
END OF MODULE INFORMATION.


C51 COMPILATION COMPLETE.  0 WARNING(S),  0 ERROR(S)
