C51 COMPILER V9.60.7.0   MAIN                                                              12/12/2023 21:32:40 PAGE 1   


C51 COMPILER V9.60.7.0, COMPILATION OF MODULE MAIN
OBJECT MODULE PLACED IN .\Objects\main.obj
COMPILER INVOKED BY: C:\Keil_v5\C51\BIN\C51.EXE main.c OPTIMIZE(8,SPEED) BROWSE DEBUG OBJECTEXTEND PRINT(.\Listings\main
                    -.lst) TABS(2) OBJECT(.\Objects\main.obj)

line level    source

   1          /*
   2            Chuong trinh dieu khien 8 led don, gui so 1-led 1 sang,... 8-led 8 sang, tren PORT2
   3            Su dung chuan gioa tiep RS232.
   4          */
   5          
   6          //#include <REGX51.H>
   7          
   8          //char c;
   9          //void Uart_Init()
  10          //{
  11          //  // Khoi tao UART o mode 1, 9600 baud
  12          //  SM0 = 0; SM1 = 1;   // Chon UART mode 1
  13          //  TMOD = 0x20;            // 0010 xxxx - Timer1 hoat dong o che do 8bit tu dong nap lai
  14          //  TH1 = 0xFD;       // Toc do baud 9600
  15          //  TR1 = 1;        // Timer1 bat dau chay
  16          //  TI = 1;         // San sang gui du lieu
  17          //  REN = 1;        // Cho phep nhan du lieu
  18          //}
  19          
  20          //void Uart_Write_Char(char c)
  21          //{
  22          //  while(TI == 0);
  23          //  TI = 0;
  24          //  SBUF = c;
  25          //}
  26          
  27          //// ham gui 1 chuoi ky tu
  28          //void Uart_Write_String(char * str)
  29          //{
  30          //  unsigned char i = 0;
  31          //  while(str[i]!=0)
  32          //  {
  33          //    Uart_Write_Char(str[i]);
  34          //    i++;
  35          //  }
  36          //}
  37          //// ham kiem tra du lieu co nhan duoc hay khong
  38          //char Uart_Data_Ready()
  39          //{
  40          //  return RI;
  41          //}
  42          
  43          //// ham doc 1 ky tu TU UART
  44          //char Uart_Read()
  45          //{
  46          //  RI = 0;
  47          //  return SBUF;
  48          //}
  49          
  50          //void Dk_Led(char c){
  51          //  switch(c)
  52          //    // Dk led 1
  53          //    case '1':
  54          //      P2=0xFE;
C51 COMPILER V9.60.7.0   MAIN                                                              12/12/2023 21:32:40 PAGE 2   

  55          //      break;
  56          //    
  57          //    // Dk led 2
  58          //    case '2':
  59          //      P2=0xFC;
  60          //      break;
  61          //    
  62          //    // Dk led 3
  63          //    case '3':
  64          //      P2=0xF8;
  65          //      break;
  66          //    
  67          //    // Dk led 4
  68          //    case '4':
  69          //      P2=0xF0;
  70          //      break;
  71          //    
  72          //    // Dk led 5
  73          //    case '5':
  74          //      P2=0xE0;
  75          //      break;
  76          //    
  77          //    // Dk led 6
  78          //    case '6':
  79          //      P2=0xC0;
  80          //      break;
  81          //    
  82          //    // Dk led 7
  83          //    case '7':
  84          //      P2=0x80;
  85          //      break;
  86          //    
  87          //    // Dk led 8
  88          //    case '8':
  89          //      P2=0x00;
  90          //      break;
  91          //    // TH con lai
  92          //    default:
  93          //      P2 = 0xFF;
  94          //      break;
  95          //}
  96          
  97          #include <REGX51.H>               //Khai báo thu vi?n cho 89c51
  98          char c;
  99          main()                                                            //Chuong trình chính
 100          {
 101   1                  TMOD=0x20;                       //Ch?n Timer1, ch? d? 2
 102   1                  TH1=0xFD;                           //Cài d?t t?c d? 9600 baud
 103   1                  SCON=0x50;                                    //0101 0000: Ch?n ch? d? 1, Cho phép nh?n
 104   1                  TR1=1;                                   //Kh?i d?ng Timer1
 105   1                 
 106   1                  while(1)                                 //Vòng l?p vô h?n
 107   1                  {
 108   2                              while(RI==1)                        //Vòng l?p ki?m tra c? nh?n RI
 109   2                              {                                  //N?u RI=1 t?c là dã nh?n d? 1 byte.
 110   3                                          c=SBUF;        //luu d? li?u nh?n du?c vào bi?n c
 111   3                                          RI=0;              //Xóa c? nh?n RI.
 112   3                              }                     
 113   2                              switch(c)                    //Ki?m tra ký t? v?a nh?n du?c: tuong ?ng
 114   2                              {                                  //tru?ng h?p nào thì th?c thi l?nh tuong?ng.
 115   3                                          case '1':
 116   3                                                      P2=0xFE;
C51 COMPILER V9.60.7.0   MAIN                                                              12/12/2023 21:32:40 PAGE 3   

 117   3                                          break;
 118   3                                          case '2':
 119   3                                                      P2=0xFC;
 120   3                                          break;
 121   3                                          case '3':
 122   3                                                      P2=0xF8;
 123   3                                          break;
 124   3                                          case '4':
 125   3                                                      P2=0xF0;
 126   3                                          break;
 127   3                                          case '5':
 128   3                                                      P2=0xE0;
 129   3                                          break;
 130   3                                          case '6':
 131   3                                                      P2=0xC0;
 132   3                                          break;
 133   3                                          case '7':
 134   3                                                      P2=0x80;
 135   3                                          break;
 136   3                                          case '8':
 137   3                                                      P2=0x00;
 138   3                                          break;
 139   3                                          default:                      //m?c d?nh là t?t t?t c? Led.
 140   3                                                      P2=0xFF;
 141   3                                          break;
 142   3                              }
 143   2                  }
 144   1      }


MODULE INFORMATION:   STATIC OVERLAYABLE
   CODE SIZE        =    113    ----
   CONSTANT SIZE    =   ----    ----
   XDATA SIZE       =   ----    ----
   PDATA SIZE       =   ----    ----
   DATA SIZE        =      1    ----
   IDATA SIZE       =   ----    ----
   BIT SIZE         =   ----    ----
END OF MODULE INFORMATION.


C51 COMPILATION COMPLETE.  0 WARNING(S),  0 ERROR(S)
