C51 COMPILER V9.60.7.0   MAIN                                                              12/08/2023 01:19:28 PAGE 1   


C51 COMPILER V9.60.7.0, COMPILATION OF MODULE MAIN
OBJECT MODULE PLACED IN .\Objects\main.obj
COMPILER INVOKED BY: C:\Keil_v5\C51\BIN\C51.EXE main.c OPTIMIZE(8,SPEED) BROWSE DEBUG OBJECTEXTEND PRINT(.\Listings\main
                    -.lst) TABS(2) OBJECT(.\Objects\main.obj)

line level    source

   1          /*
   2            Chuong trinh dieu khien LED ma tran 8x8 su dung Cathot chung
   3            Voi bai toan nay chung ta su dung phuong phap quet Led
   4              +, Muon hien thi led nao thi ta cho sang Led do, tuong ung voi hang va cot va viet theo 8 bit
   5              sang: 0
   6              tat: 1
   7              
   8              0000 -> 0             1001 -> 9
   9              0001 -> 1             1010 -> A
  10              0010 -> 2             1011 -> B
  11              0011 -> 3             1100 -> C
  12              0100 -> 4             1101 -> D
  13              0101 -> 5             1110 -> E
  14              0110 -> 6             1111 -> F
  15              0111 -> 7
  16              1000 -> 8
  17              
  18                Doi chu thanh so la Anot chung(Proteus)
  19          */
  20          #include <REGX51.H>
  21          
  22          unsigned char maled[8] = {0XFF,0X01,0X00,0XEE,0XEE,0X00,0X01,0XFF};   // Ma chu A voi LED sang muc 1(hang m
             -uc 0, cot muc 1)
  23          unsigned char ma[8] = {0x01,0x02,0x04,0x08,0x10,0x20,0x40,0x80};      // ma quet COT: C1 den C8, cot nao o gi
             -a tri 1 thi COT do sang
  24          unsigned char i = 0;
  25          
  26          void Delay(int time);       // Ham tao tre
  27          int main(){
  28   1        while(1){
  29   2          for(i = 0; i < 8; i++){     // Quet Cot 1 -> 8, cho COT = 1 va gui du lieu ra cot
  30   3            P3 = maled[i];            // Goi du lieu tai vi tri ma tran meled[] ra cot 1->8 (Quet tu cot 1 -> 8)
  31   3            P2 = ma[i];               // Goi ma quet = 1 tra ve ma[] ra cot 1 -> 8
  32   3            Delay(1);               // thoi gian quet 1 ms
  33   3            P2 = 0x00;                // Cho ma quet tu hang 0, cot 8 den het
  34   3          }
  35   2          
  36   2        }
  37   1        return 0;
  38   1      }
  39          
  40          void Delay(int time){
  41   1        int x, y;
  42   1        for(x = 0; x < time; x++){
  43   2          for(y = 0; y < 123; y++);
  44   2        }
  45   1      }
*** WARNING C294 IN LINE 37 OF main.c: unreachable code


MODULE INFORMATION:   STATIC OVERLAYABLE
   CODE SIZE        =     78    ----
   CONSTANT SIZE    =   ----    ----
   XDATA SIZE       =   ----    ----
C51 COMPILER V9.60.7.0   MAIN                                                              12/08/2023 01:19:28 PAGE 2   

   PDATA SIZE       =   ----    ----
   DATA SIZE        =     17    ----
   IDATA SIZE       =   ----    ----
   BIT SIZE         =   ----    ----
END OF MODULE INFORMATION.


C51 COMPILATION COMPLETE.  1 WARNING(S),  0 ERROR(S)
